Watching for file changes with StatReloader
[08/Jun/2022 13:52:37] "GET / HTTP/1.1" 200 7170
[08/Jun/2022 13:52:37] "GET /static/admin/css/base.css HTTP/1.1" 304 0
[08/Jun/2022 13:52:37] "GET /static/admin/css/nav_sidebar.css HTTP/1.1" 304 0
[08/Jun/2022 13:52:37] "GET /static/admin/css/responsive.css HTTP/1.1" 304 0
[08/Jun/2022 13:52:37] "GET /static/admin/css/dashboard.css HTTP/1.1" 304 0
[08/Jun/2022 13:52:37] "GET /static/admin/js/nav_sidebar.js HTTP/1.1" 304 0
[08/Jun/2022 13:52:38] "GET /static/admin/css/fonts.css HTTP/1.1" 304 0
[08/Jun/2022 13:52:38] "GET /static/admin/img/icon-changelink.svg HTTP/1.1" 304 0
[08/Jun/2022 13:52:38] "GET /static/admin/img/icon-deletelink.svg HTTP/1.1" 304 0
[08/Jun/2022 13:52:38] "GET /static/admin/img/icon-addlink.svg HTTP/1.1" 304 0
[08/Jun/2022 13:52:38] "GET /static/admin/fonts/Roboto-Light-webfont.woff HTTP/1.1" 304 0
[08/Jun/2022 13:52:38] "GET /static/admin/fonts/Roboto-Regular-webfont.woff HTTP/1.1" 304 0
[08/Jun/2022 13:52:38] "GET /static/admin/fonts/Roboto-Bold-webfont.woff HTTP/1.1" 304 0
Performing system checks...

System check identified no issues (0 silenced).
June 08, 2022 - 13:52:17
Django version 4.0.5, using settings 'designbotpr.settings'
Starting development server at http://0.0.0.0:8000/
Quit the server with CONTROL-C.
